build/app/intermediates/manifest_merge_blame_file/debug/manifest-merger-blame-debug-report.txt
1<?xml version="1.0" encoding="utf-8"?>
2<manifest xmlns:android="http://schemas.android.com/apk/res/android"
3    package="com.example.flutter_login"
4    android:versionCode="1"
5    android:versionName="1.0.0" >
6
7    <uses-sdk
8        android:minSdkVersion="24"
9        android:targetSdkVersion="28" />
10    <!--
11         Flutter needs it to communicate with the running application
12         to allow setting breakpoints, to provide hot reload, etc.
13    -->
14    <uses-permission android:name="android.permission.INTERNET" />
14-->src\main\AndroidManifest.xml:6:5-66
14-->src\main\AndroidManifest.xml:6:22-64
15    <uses-permission android:name="android.permission.VIBRATE" /> <!-- Although the *SdkVersion is captured in gradle build files, this is required for non gradle builds -->
15-->[:vibration] AndroidManifest.xml:7:5-66
15-->[:vibration] AndroidManifest.xml:7:22-63
16    <!-- <uses-sdk android:minSdkVersion="14" /> -->
17    <uses-permission android:name="android.permission.ACCESS_NETWORK_STATE" />
17-->[com.google.firebase:firebase-firestore:21.7.1] AndroidManifest.xml:13:5-79
17-->[com.google.firebase:firebase-firestore:21.7.1] AndroidManifest.xml:13:22-76
18    <uses-permission android:name="android.permission.WAKE_LOCK" />
18-->[com.google.android.gms:play-services-measurement:17.6.0] AndroidManifest.xml:25:5-68
18-->[com.google.android.gms:play-services-measurement:17.6.0] AndroidManifest.xml:25:22-65
19    <uses-permission android:name="com.google.android.finsky.permission.BIND_GET_INSTALL_REFERRER_SERVICE" />
19-->[com.google.android.gms:play-services-measurement:17.6.0] AndroidManifest.xml:26:5-110
19-->[com.google.android.gms:play-services-measurement:17.6.0] AndroidManifest.xml:26:22-107
20
21    <uses-feature
21-->[com.google.android.gms:play-services-maps:17.0.0] AndroidManifest.xml:26:5-28:35
22        android:glEsVersion="0x00020000"
22-->[com.google.android.gms:play-services-maps:17.0.0] AndroidManifest.xml:27:9-41
23        android:required="true" />
23-->[com.google.android.gms:play-services-maps:17.0.0] AndroidManifest.xml:28:9-32
24    <!--
25 io.flutter.app.FlutterApplication is an android.app.Application that
26             calls FlutterMain.startInitialization(this); in its onCreate method.
27             In most cases you can leave this as-is, but you if you want to provide
28             additional functionality it is fine to subclass or reimplement
29             FlutterApplication and put your custom class here.
30    -->
31    <application
31-->src\main\AndroidManifest.xml:13:5-70:19
32        android:name="io.flutter.app.FlutterApplication"
32-->src\main\AndroidManifest.xml:14:9-57
33        android:appComponentFactory="androidx.core.app.CoreComponentFactory"
33-->[androidx.core:core:1.1.0] AndroidManifest.xml:24:18-86
34        android:debuggable="true"
35        android:icon="@mipmap/launcher_icon"
35-->src\main\AndroidManifest.xml:16:9-45
36        android:label="flutter_login" >
36-->src\main\AndroidManifest.xml:15:9-38
37        <activity
37-->src\main\AndroidManifest.xml:17:9-45:20
38            android:name="com.example.flutter_login.MainActivity"
38-->src\main\AndroidManifest.xml:18:13-41
39            android:configChanges="orientation|keyboardHidden|keyboard|screenSize|smallestScreenSize|locale|layoutDirection|fontScale|screenLayout|density|uiMode"
39-->src\main\AndroidManifest.xml:21:13-163
40            android:hardwareAccelerated="true"
40-->src\main\AndroidManifest.xml:22:13-47
41            android:launchMode="singleTop"
41-->src\main\AndroidManifest.xml:19:13-43
42            android:theme="@style/LaunchTheme"
42-->src\main\AndroidManifest.xml:20:13-47
43            android:windowSoftInputMode="adjustResize" >
43-->src\main\AndroidManifest.xml:23:13-55
44
45            <!--
46                 Specifies an Android theme to apply to this Activity as soon as
47                 the Android process has started. This theme is visible to the user
48                 while the Flutter UI initializes. After that, this theme continues
49                 to determine the Window background behind the Flutter UI.
50            -->
51            <meta-data
51-->src\main\AndroidManifest.xml:28:13-31:17
52                android:name="io.flutter.embedding.android.NormalTheme"
52-->src\main\AndroidManifest.xml:29:15-70
53                android:resource="@style/NormalTheme" />
53-->src\main\AndroidManifest.xml:30:15-52
54            <!--
55                 Displays an Android View that continues showing the launch screen
56                 Drawable until Flutter paints its first frame, then this splash
57                 screen fades out. A splash screen is useful to avoid any visual
58                 gap between the end of Android's launch screen and the painting of
59                 Flutter's first frame.
60            -->
61            <meta-data
61-->src\main\AndroidManifest.xml:37:13-40:17
62                android:name="io.flutter.embedding.android.SplashScreenDrawable"
62-->src\main\AndroidManifest.xml:38:15-79
63                android:resource="@drawable/launch_background" />
63-->src\main\AndroidManifest.xml:39:15-61
64
65            <intent-filter>
65-->src\main\AndroidManifest.xml:41:13-44:29
66                <action android:name="android.intent.action.MAIN" />
66-->src\main\AndroidManifest.xml:42:17-68
66-->src\main\AndroidManifest.xml:42:25-66
67
68                <category android:name="android.intent.category.LAUNCHER" />
68-->src\main\AndroidManifest.xml:43:17-76
68-->src\main\AndroidManifest.xml:43:27-74
69            </intent-filter>
70        </activity>
71
72        <meta-data
72-->src\main\AndroidManifest.xml:46:9-47:54
73            android:name="com.facebook.sdk.ApplicationId"
73-->src\main\AndroidManifest.xml:46:20-65
74            android:value="@string/facebook_app_id" />
74-->src\main\AndroidManifest.xml:47:13-52
75
76        <activity
76-->src\main\AndroidManifest.xml:49:9-52:48
77            android:name="com.facebook.FacebookActivity"
77-->src\main\AndroidManifest.xml:49:19-63
78            android:configChanges="keyboard|keyboardHidden|screenLayout|screenSize|orientation"
78-->src\main\AndroidManifest.xml:50:13-114
79            android:label="@string/app_name" />
79-->src\main\AndroidManifest.xml:52:13-45
80        <activity
80-->src\main\AndroidManifest.xml:53:9-62:20
81            android:name="com.facebook.CustomTabActivity"
81-->src\main\AndroidManifest.xml:54:13-58
82            android:exported="true" >
82-->src\main\AndroidManifest.xml:55:13-36
83            <intent-filter>
83-->src\main\AndroidManifest.xml:56:13-61:29
84                <action android:name="android.intent.action.VIEW" />
84-->src\main\AndroidManifest.xml:57:17-69
84-->src\main\AndroidManifest.xml:57:25-66
85
86                <category android:name="android.intent.category.DEFAULT" />
86-->src\main\AndroidManifest.xml:58:17-76
86-->src\main\AndroidManifest.xml:58:27-73
87                <category android:name="android.intent.category.BROWSABLE" />
87-->src\main\AndroidManifest.xml:59:17-78
87-->src\main\AndroidManifest.xml:59:27-75
88
89                <data android:scheme="@string/fb_login_protocol_scheme" />
89-->src\main\AndroidManifest.xml:60:17-75
89-->src\main\AndroidManifest.xml:60:23-72
90            </intent-filter>
91        </activity>
92
93        <!--
94             Don't delete the meta-data below.
95             This is used by the Flutter tool to generate GeneratedPluginRegistrant.java
96        -->
97        <meta-data
97-->src\main\AndroidManifest.xml:66:9-68:33
98            android:name="flutterEmbedding"
98-->src\main\AndroidManifest.xml:67:13-44
99            android:value="2" />
99-->src\main\AndroidManifest.xml:68:13-30
100        <meta-data
100-->[:stripe_native] AndroidManifest.xml:8:9-10:36
101            android:name="com.google.android.gms.wallet.api.enabled"
101-->[:stripe_native] AndroidManifest.xml:9:13-69
102            android:value="true" />
102-->[:stripe_native] AndroidManifest.xml:10:13-33
103
104        <service
104-->[:firebase_storage] AndroidManifest.xml:8:9-12:19
105            android:name="com.google.firebase.components.ComponentDiscoveryService"
105-->[:firebase_storage] AndroidManifest.xml:8:18-89
106            android:directBootAware="true"
106-->[com.google.firebase:firebase-common:19.3.1] AndroidManifest.xml:35:13-43
107            android:exported="false" >
107-->[com.google.firebase:firebase-analytics-ktx:17.6.0] AndroidManifest.xml:10:13-37
108            <meta-data
108-->[:firebase_storage] AndroidManifest.xml:9:13-11:85
109                android:name="com.google.firebase.components:io.flutter.plugins.firebase.storage.FlutterFirebaseAppRegistrar"
109-->[:firebase_storage] AndroidManifest.xml:10:17-126
110                android:value="com.google.firebase.components.ComponentRegistrar" />
110-->[:firebase_storage] AndroidManifest.xml:11:17-82
111            <meta-data
111-->[:cloud_firestore] AndroidManifest.xml:9:13-11:85
112                android:name="com.google.firebase.components:io.flutter.plugins.firebase.firestore.FlutterFirebaseFirestoreRegistrar"
112-->[:cloud_firestore] AndroidManifest.xml:10:17-134
113                android:value="com.google.firebase.components.ComponentRegistrar" />
113-->[:cloud_firestore] AndroidManifest.xml:11:17-82
114            <meta-data
114-->[:firebase_auth] AndroidManifest.xml:9:13-11:85
115                android:name="com.google.firebase.components:io.flutter.plugins.firebase.auth.FlutterFirebaseAuthRegistrar"
115-->[:firebase_auth] AndroidManifest.xml:10:17-124
116                android:value="com.google.firebase.components.ComponentRegistrar" />
116-->[:firebase_auth] AndroidManifest.xml:11:17-82
117            <meta-data
117-->[:firebase_core] AndroidManifest.xml:9:13-11:85
118                android:name="com.google.firebase.components:io.flutter.plugins.firebase.core.FlutterFirebaseCoreRegistrar"
118-->[:firebase_core] AndroidManifest.xml:10:17-124
119                android:value="com.google.firebase.components.ComponentRegistrar" />
119-->[:firebase_core] AndroidManifest.xml:11:17-82
120            <meta-data
120-->[com.google.firebase:firebase-analytics-ktx:17.6.0] AndroidManifest.xml:11:13-13:85
121                android:name="com.google.firebase.components:com.google.firebase.analytics.ktx.FirebaseAnalyticsKtxRegistrar"
121-->[com.google.firebase:firebase-analytics-ktx:17.6.0] AndroidManifest.xml:12:17-126
122                android:value="com.google.firebase.components.ComponentRegistrar" />
122-->[com.google.firebase:firebase-analytics-ktx:17.6.0] AndroidManifest.xml:13:17-82
123            <meta-data
123-->[com.google.firebase:firebase-common-ktx:19.3.0] AndroidManifest.xml:15:13-17:85
124                android:name="com.google.firebase.components:com.google.firebase.ktx.FirebaseCommonKtxRegistrar"
124-->[com.google.firebase:firebase-common-ktx:19.3.0] AndroidManifest.xml:16:17-113
125                android:value="com.google.firebase.components.ComponentRegistrar" />
125-->[com.google.firebase:firebase-common-ktx:19.3.0] AndroidManifest.xml:17:17-82
126            <meta-data
126-->[com.google.firebase:firebase-auth:19.4.0] AndroidManifest.xml:36:13-38:85
127                android:name="com.google.firebase.components:com.google.firebase.auth.FirebaseAuthRegistrar"
127-->[com.google.firebase:firebase-auth:19.4.0] AndroidManifest.xml:37:17-109
128                android:value="com.google.firebase.components.ComponentRegistrar" />
128-->[com.google.firebase:firebase-auth:19.4.0] AndroidManifest.xml:38:17-82
129            <meta-data
129-->[com.google.firebase:firebase-firestore:21.7.1] AndroidManifest.xml:20:13-22:85
130                android:name="com.google.firebase.components:com.google.firebase.firestore.FirestoreRegistrar"
130-->[com.google.firebase:firebase-firestore:21.7.1] AndroidManifest.xml:21:17-111
131                android:value="com.google.firebase.components.ComponentRegistrar" />
131-->[com.google.firebase:firebase-firestore:21.7.1] AndroidManifest.xml:22:17-82
132            <meta-data
132-->[com.google.android.gms:play-services-measurement-api:17.6.0] AndroidManifest.xml:30:13-32:85
133                android:name="com.google.firebase.components:com.google.firebase.analytics.connector.internal.AnalyticsConnectorRegistrar"
133-->[com.google.android.gms:play-services-measurement-api:17.6.0] AndroidManifest.xml:31:17-139
134                android:value="com.google.firebase.components.ComponentRegistrar" />
134-->[com.google.android.gms:play-services-measurement-api:17.6.0] AndroidManifest.xml:32:17-82
135            <meta-data
135-->[com.google.firebase:firebase-storage:19.2.0] AndroidManifest.xml:33:13-35:85
136                android:name="com.google.firebase.components:com.google.firebase.storage.StorageRegistrar"
136-->[com.google.firebase:firebase-storage:19.2.0] AndroidManifest.xml:34:17-107
137                android:value="com.google.firebase.components.ComponentRegistrar" />
137-->[com.google.firebase:firebase-storage:19.2.0] AndroidManifest.xml:35:17-82
138            <meta-data
138-->[com.google.firebase:firebase-installations:16.3.2] AndroidManifest.xml:17:13-19:85
139                android:name="com.google.firebase.components:com.google.firebase.installations.FirebaseInstallationsRegistrar"
139-->[com.google.firebase:firebase-installations:16.3.2] AndroidManifest.xml:18:17-127
140                android:value="com.google.firebase.components.ComponentRegistrar" />
140-->[com.google.firebase:firebase-installations:16.3.2] AndroidManifest.xml:19:17-82
141        </service>
142
143        <activity
143-->[:url_launcher] AndroidManifest.xml:8:9-11:74
144            android:name="io.flutter.plugins.urllauncher.WebViewActivity"
144-->[:url_launcher] AndroidManifest.xml:9:13-74
145            android:exported="false"
145-->[:url_launcher] AndroidManifest.xml:10:13-37
146            android:theme="@android:style/Theme.NoTitleBar.Fullscreen" />
146-->[:url_launcher] AndroidManifest.xml:11:13-71
147        <activity
147-->[com.stripe:stripe-android:14.4.1] AndroidManifest.xml:12:9-14:57
148            android:name="com.stripe.android.view.AddPaymentMethodActivity"
148-->[com.stripe:stripe-android:14.4.1] AndroidManifest.xml:13:13-76
149            android:theme="@style/StripeDefaultTheme" />
149-->[com.stripe:stripe-android:14.4.1] AndroidManifest.xml:14:13-54
150        <activity
150-->[com.stripe:stripe-android:14.4.1] AndroidManifest.xml:15:9-17:57
151            android:name="com.stripe.android.view.PaymentMethodsActivity"
151-->[com.stripe:stripe-android:14.4.1] AndroidManifest.xml:16:13-74
152            android:theme="@style/StripeDefaultTheme" />
152-->[com.stripe:stripe-android:14.4.1] AndroidManifest.xml:17:13-54
153        <activity
153-->[com.stripe:stripe-android:14.4.1] AndroidManifest.xml:18:9-20:57
154            android:name="com.stripe.android.view.PaymentFlowActivity"
154-->[com.stripe:stripe-android:14.4.1] AndroidManifest.xml:19:13-71
155            android:theme="@style/StripeDefaultTheme" />
155-->[com.stripe:stripe-android:14.4.1] AndroidManifest.xml:20:13-54
156        <activity
156-->[com.stripe:stripe-android:14.4.1] AndroidManifest.xml:21:9-23:57
157            android:name="com.stripe.android.view.PaymentAuthWebViewActivity"
157-->[com.stripe:stripe-android:14.4.1] AndroidManifest.xml:22:13-78
158            android:theme="@style/StripeDefaultTheme" />
158-->[com.stripe:stripe-android:14.4.1] AndroidManifest.xml:23:13-54
159        <activity
159-->[com.stripe:stripe-android:14.4.1] AndroidManifest.xml:24:9-26:57
160            android:name="com.stripe.android.view.PaymentRelayActivity"
160-->[com.stripe:stripe-android:14.4.1] AndroidManifest.xml:25:13-72
161            android:theme="@style/StripeDefaultTheme" />
161-->[com.stripe:stripe-android:14.4.1] AndroidManifest.xml:26:13-54
162        <activity
162-->[com.stripe:stripe-android:14.4.1] AndroidManifest.xml:27:9-29:57
163            android:name="com.stripe.android.view.Stripe3ds2CompletionActivity"
163-->[com.stripe:stripe-android:14.4.1] AndroidManifest.xml:28:13-80
164            android:theme="@style/StripeDefaultTheme" />
164-->[com.stripe:stripe-android:14.4.1] AndroidManifest.xml:29:13-54
165        <activity
165-->[com.stripe:stripe-3ds2-android:2.7.8] AndroidManifest.xml:12:9-14:54
166            android:name="com.stripe.android.stripe3ds2.views.ChallengeActivity"
166-->[com.stripe:stripe-3ds2-android:2.7.8] AndroidManifest.xml:13:13-81
167            android:theme="@style/Stripe3DS2Theme" />
167-->[com.stripe:stripe-3ds2-android:2.7.8] AndroidManifest.xml:14:13-51
168        <activity
168-->[com.stripe:stripe-3ds2-android:2.7.8] AndroidManifest.xml:15:9-17:54
169            android:name="com.stripe.android.stripe3ds2.views.ChallengeProgressDialogActivity"
169-->[com.stripe:stripe-3ds2-android:2.7.8] AndroidManifest.xml:16:13-95
170            android:theme="@style/Stripe3DS2Theme" />
170-->[com.stripe:stripe-3ds2-android:2.7.8] AndroidManifest.xml:17:13-51
171        <activity
171-->[com.google.firebase:firebase-auth:19.4.0] AndroidManifest.xml:24:9-31:50
172            android:name="com.google.firebase.auth.internal.FederatedSignInActivity"
172-->[com.google.firebase:firebase-auth:19.4.0] AndroidManifest.xml:25:13-85
173            android:excludeFromRecents="true"
173-->[com.google.firebase:firebase-auth:19.4.0] AndroidManifest.xml:26:13-46
174            android:exported="true"
174-->[com.google.firebase:firebase-auth:19.4.0] AndroidManifest.xml:27:13-36
175            android:launchMode="singleTask"
175-->[com.google.firebase:firebase-auth:19.4.0] AndroidManifest.xml:28:13-44
176            android:permission="com.google.firebase.auth.api.gms.permission.LAUNCH_FEDERATED_SIGN_IN"
176-->[com.google.firebase:firebase-auth:19.4.0] AndroidManifest.xml:29:13-102
177            android:theme="@android:style/Theme.Translucent.NoTitleBar" />
177-->[com.google.firebase:firebase-auth:19.4.0] AndroidManifest.xml:30:13-72
178        <activity
178-->[com.google.android.gms:play-services-auth:16.0.1] AndroidManifest.xml:23:9-27:75
179            android:name="com.google.android.gms.auth.api.signin.internal.SignInHubActivity"
179-->[com.google.android.gms:play-services-auth:16.0.1] AndroidManifest.xml:24:13-93
180            android:excludeFromRecents="true"
180-->[com.google.android.gms:play-services-auth:16.0.1] AndroidManifest.xml:25:13-46
181            android:exported="false"
181-->[com.google.android.gms:play-services-auth:16.0.1] AndroidManifest.xml:26:13-37
182            android:theme="@android:style/Theme.Translucent.NoTitleBar" />
182-->[com.google.android.gms:play-services-auth:16.0.1] AndroidManifest.xml:27:13-72
183        <!--
184            Service handling Google Sign-In user revocation. For apps that do not integrate with
185            Google Sign-In, this service will never be started.
186        -->
187        <service
187-->[com.google.android.gms:play-services-auth:16.0.1] AndroidManifest.xml:33:9-36:110
188            android:name="com.google.android.gms.auth.api.signin.RevocationBoundService"
188-->[com.google.android.gms:play-services-auth:16.0.1] AndroidManifest.xml:34:13-89
189            android:exported="true"
189-->[com.google.android.gms:play-services-auth:16.0.1] AndroidManifest.xml:35:13-36
190            android:permission="com.google.android.gms.auth.api.signin.permission.REVOCATION_NOTIFICATION" />
190-->[com.google.android.gms:play-services-auth:16.0.1] AndroidManifest.xml:36:13-107
191
192        <receiver
192-->[com.google.android.gms:play-services-measurement:17.6.0] AndroidManifest.xml:29:9-33:20
193            android:name="com.google.android.gms.measurement.AppMeasurementReceiver"
193-->[com.google.android.gms:play-services-measurement:17.6.0] AndroidManifest.xml:30:13-85
194            android:enabled="true"
194-->[com.google.android.gms:play-services-measurement:17.6.0] AndroidManifest.xml:31:13-35
195            android:exported="false" >
195-->[com.google.android.gms:play-services-measurement:17.6.0] AndroidManifest.xml:32:13-37
196        </receiver>
197
198        <service
198-->[com.google.android.gms:play-services-measurement:17.6.0] AndroidManifest.xml:35:9-38:40
199            android:name="com.google.android.gms.measurement.AppMeasurementService"
199-->[com.google.android.gms:play-services-measurement:17.6.0] AndroidManifest.xml:36:13-84
200            android:enabled="true"
200-->[com.google.android.gms:play-services-measurement:17.6.0] AndroidManifest.xml:37:13-35
201            android:exported="false" />
201-->[com.google.android.gms:play-services-measurement:17.6.0] AndroidManifest.xml:38:13-37
202        <service
202-->[com.google.android.gms:play-services-measurement:17.6.0] AndroidManifest.xml:39:9-43:72
203            android:name="com.google.android.gms.measurement.AppMeasurementJobService"
203-->[com.google.android.gms:play-services-measurement:17.6.0] AndroidManifest.xml:40:13-87
204            android:enabled="true"
204-->[com.google.android.gms:play-services-measurement:17.6.0] AndroidManifest.xml:41:13-35
205            android:exported="false"
205-->[com.google.android.gms:play-services-measurement:17.6.0] AndroidManifest.xml:42:13-37
206            android:permission="android.permission.BIND_JOB_SERVICE" />
206-->[com.google.android.gms:play-services-measurement:17.6.0] AndroidManifest.xml:43:13-69
207
208        <provider
208-->[com.google.firebase:firebase-common:19.3.1] AndroidManifest.xml:26:9-31:39
209            android:name="com.google.firebase.provider.FirebaseInitProvider"
209-->[com.google.firebase:firebase-common:19.3.1] AndroidManifest.xml:27:13-77
210            android:authorities="com.example.flutter_login.firebaseinitprovider"
210-->[com.google.firebase:firebase-common:19.3.1] AndroidManifest.xml:28:13-72
211            android:directBootAware="true"
211-->[com.google.firebase:firebase-common:19.3.1] AndroidManifest.xml:29:13-43
212            android:exported="false"
212-->[com.google.firebase:firebase-common:19.3.1] AndroidManifest.xml:30:13-37
213            android:initOrder="100" /> <!-- Needs to be explicitly declared on P+ -->
213-->[com.google.firebase:firebase-common:19.3.1] AndroidManifest.xml:31:13-36
214        <uses-library
214-->[com.google.android.gms:play-services-maps:17.0.0] AndroidManifest.xml:33:9-35:40
215            android:name="org.apache.http.legacy"
215-->[com.google.android.gms:play-services-maps:17.0.0] AndroidManifest.xml:34:13-50
216            android:required="false" />
216-->[com.google.android.gms:play-services-maps:17.0.0] AndroidManifest.xml:35:13-37
217
218        <activity
218-->[com.google.android.gms:play-services-base:17.1.0] AndroidManifest.xml:23:9-26:75
219            android:name="com.google.android.gms.common.api.GoogleApiActivity"
219-->[com.google.android.gms:play-services-base:17.1.0] AndroidManifest.xml:24:13-79
220            android:exported="false"
220-->[com.google.android.gms:play-services-base:17.1.0] AndroidManifest.xml:25:13-37
221            android:theme="@android:style/Theme.Translucent.NoTitleBar" />
221-->[com.google.android.gms:play-services-base:17.1.0] AndroidManifest.xml:26:13-72
222
223        <meta-data
223-->[com.google.android.gms:play-services-basement:17.0.0] AndroidManifest.xml:23:9-25:69
224            android:name="com.google.android.gms.version"
224-->[com.google.android.gms:play-services-basement:17.0.0] AndroidManifest.xml:24:13-58
225            android:value="@integer/google_play_services_version" />
225-->[com.google.android.gms:play-services-basement:17.0.0] AndroidManifest.xml:25:13-66
226    </application>
227
228</manifest>